<?xml version="1.0" encoding="UTF-8"?>
<testsuite name="AddressBookTest" tests="1" skipped="0" failures="0" errors="0" timestamp="2019-12-05T13:44:51" hostname="admin265-H110M-H" time="0.182">
  <properties/>
  <testcase name="givenPersonDetail_WhenProperEditing_ShouldReturnTrue" classname="AddressBookTest" time="0.182"/>
  <system-out><![CDATA[written to json
Add person detail:[]
written to json
Add person detail:[
  {
    "firstName": "Upendra2",
    "lastName": "Sahufdh",
    "address": "malad1fh",
    "city": "korba1",
    "state": "chhattsigarh",
    "zip": 496683,
    "phoneNumber": 9874563210
  }
]
]]></system-out>
  <system-err><![CDATA[]]></system-err>
</testsuite>
